<?xml version="1.0" encoding="UTF-8"?>
<!-- Generated by org.testng.reporters.JUnitReportReporter -->
<testsuite skipped="0" hostname="Allans-MacBook-Air.local" name="tests.leads.CreateLead" tests="2" failures="0" timestamp="01 Jul 2018 07:19:09 GMT" time="30.874" errors="0">
  <testcase name="createLead" time="15.891" classname="tests.leads.CreateLead"/>
  <testcase name="createLead" time="14.983" classname="tests.leads.CreateLead"/>
</testsuite> <!-- tests.leads.CreateLead -->
