<?xml version="1.0" encoding="UTF-8"?>
<!-- Generated by org.testng.reporters.JUnitReportReporter -->
<testsuite skipped="0" hostname="Allans-MacBook-Air.local" name="data.reader.ReadExcel" tests="1" failures="0" timestamp="30 Jun 2018 04:21:18 GMT" time="0.990" errors="0">
  <testcase name="main" time="0.990" classname="data.reader.ReadExcel"/>
</testsuite> <!-- data.reader.ReadExcel -->
