<?xml version="1.0" encoding="UTF-8"?>
<!-- Generated by org.testng.reporters.JUnitReportReporter -->
<testsuite skipped="0" hostname="Allans-MacBook-Air.local" name="tests.Test" tests="2" failures="0" timestamp="02 Aug 2018 16:31:13 GMT" time="0.012" errors="0">
  <testcase name="testCase2" time="0.005" classname="tests.Test"/>
  <testcase name="testCase1" time="0.007" classname="tests.Test"/>
</testsuite> <!-- tests.Test -->
