<?xml version="1.0" encoding="UTF-8"?>
<!-- Generated by org.testng.reporters.JUnitReportReporter -->
<testsuite skipped="0" hostname="Allans-MacBook-Air.local" name="tests.leads.CreateLead1" tests="2" failures="0" timestamp="01 Jul 2018 07:19:09 GMT" time="30.518" errors="0">
  <testcase name="createLead" time="15.400" classname="tests.leads.CreateLead1"/>
  <testcase name="createLead" time="15.118" classname="tests.leads.CreateLead1"/>
</testsuite> <!-- tests.leads.CreateLead1 -->
