<?xml version="1.0" encoding="UTF-8"?>
<!-- Generated by org.testng.reporters.JUnitReportReporter -->
<testsuite skipped="0" hostname="Allans-MacBook-Air.local" name="project.Flipcart" tests="1" failures="0" timestamp="18 Jun 2018 18:30:25 GMT" time="11.522" errors="0">
  <testcase name="Flipcart" time="11.522" classname="project.Flipcart"/>
</testsuite> <!-- project.Flipcart -->
