<?xml version="1.0" encoding="UTF-8"?>
<!-- Generated by org.testng.reporters.JUnitReportReporter -->
<testsuite skipped="0" hostname="Allans-MacBook-Air.local" name="tests.DeleteLead" tests="1" failures="0" timestamp="30 Jun 2018 15:41:34 GMT" time="31.268" errors="0">
  <testcase name="deleteLead" time="31.268" classname="tests.DeleteLead"/>
</testsuite> <!-- tests.DeleteLead -->
