<?xml version="1.0" encoding="UTF-8"?>
<!-- Generated by org.testng.reporters.JUnitReportReporter -->
<testsuite skipped="0" hostname="Allans-MacBook-Air.local" name="tests.MergeLead" tests="1" failures="0" timestamp="07 Jul 2018 09:27:43 GMT" time="43.923" errors="0">
  <testcase name="MergeLeads" time="43.923" classname="tests.MergeLead"/>
</testsuite> <!-- tests.MergeLead -->
