<?xml version="1.0" encoding="UTF-8"?>
<!-- Generated by org.testng.reporters.JUnitReportReporter -->
<testsuite skipped="0" hostname="Allans-MacBook-Air.local" name="tests.CreateLead" tests="1" failures="0" timestamp="30 Jun 2018 15:24:52 GMT" time="35.710" errors="0">
  <testcase name="createLead" time="35.710" classname="tests.CreateLead"/>
</testsuite> <!-- tests.CreateLead -->
