<?xml version="1.0" encoding="UTF-8"?>
<!-- Generated by org.testng.reporters.JUnitReportReporter -->
<testsuite skipped="0" hostname="Allans-MacBook-Air.local" name="pom_TC.MergeLead" tests="1" failures="0" timestamp="07 Jul 2018 16:02:59 GMT" time="32.711" errors="0">
  <testcase name="MergeLeads" time="32.711" classname="pom_TC.MergeLead"/>
</testsuite> <!-- pom_TC.MergeLead -->
