<?xml version="1.0" encoding="UTF-8"?>
<!-- Generated by org.testng.reporters.JUnitReportReporter -->
<testsuite skipped="0" hostname="Allans-MacBook-Air.local" name="tests.DuplicateLead" tests="1" failures="0" timestamp="30 Jun 2018 15:24:52 GMT" time="44.831" errors="0">
  <testcase name="duplicateLead" time="44.831" classname="tests.DuplicateLead"/>
</testsuite> <!-- tests.DuplicateLead -->
