<?xml version="1.0" encoding="UTF-8"?>
<!-- Generated by org.testng.reporters.JUnitReportReporter -->
<testsuite skipped="0" hostname="Allans-MacBook-Air.local" name="project.TestCase" tests="1" failures="0" timestamp="17 Jun 2018 10:22:58 GMT" time="36.229" errors="0">
  <testcase name="testCase" time="36.229" classname="project.TestCase"/>
</testsuite> <!-- project.TestCase -->
