<?xml version="1.0" encoding="UTF-8"?>
<!-- Generated by org.testng.reporters.JUnitReportReporter -->
<testsuite skipped="0" hostname="Allans-MacBook-Air.local" name="pom_TC.CreateLead" tests="1" failures="0" timestamp="07 Jul 2018 15:34:03 GMT" time="18.042" errors="0">
  <testcase name="createLead" time="18.042" classname="pom_TC.CreateLead"/>
</testsuite> <!-- pom_TC.CreateLead -->
